TN:
SF:controllers/AlertController.js
FN:3,(anonymous_0)
FN:9,(anonymous_1)
FN:12,(anonymous_2)
FN:19,(anonymous_3)
FN:28,(anonymous_4)
FN:36,(anonymous_5)
FNF:6
FNH:5
FNDA:1,(anonymous_0)
FNDA:1,(anonymous_1)
FNDA:0,(anonymous_2)
FNDA:5,(anonymous_3)
FNDA:2,(anonymous_4)
FNDA:1,(anonymous_5)
DA:1,5
DA:3,5
DA:4,1
DA:5,1
DA:10,1
DA:13,0
DA:19,5
DA:21,5
DA:22,2
DA:27,3
DA:29,2
DA:30,1
DA:34,1
DA:37,1
DA:38,1
DA:42,0
LF:16
LH:14
BRDA:14,0,0,0
BRDA:14,0,1,0
BRDA:21,1,0,2
BRDA:21,1,1,3
BRDA:29,2,0,1
BRDA:29,2,1,1
BRDA:37,3,0,1
BRDA:37,3,1,0
BRF:8
BRH:5
end_of_record
TN:
SF:controllers/PlayerSkillObjectiveController.js
FN:4,(anonymous_0)
FN:19,(anonymous_1)
FN:22,(anonymous_2)
FN:32,(anonymous_3)
FN:45,(anonymous_4)
FN:48,(anonymous_5)
FN:58,(anonymous_6)
FN:69,(anonymous_7)
FN:77,(anonymous_8)
FN:90,(anonymous_9)
FN:100,(anonymous_10)
FN:108,(anonymous_11)
FN:123,(anonymous_12)
FN:125,(anonymous_13)
FN:133,(anonymous_14)
FN:145,(anonymous_15)
FN:156,(anonymous_16)
FN:164,(anonymous_17)
FNF:18
FNH:0
FNDA:0,(anonymous_0)
FNDA:0,(anonymous_1)
FNDA:0,(anonymous_2)
FNDA:0,(anonymous_3)
FNDA:0,(anonymous_4)
FNDA:0,(anonymous_5)
FNDA:0,(anonymous_6)
FNDA:0,(anonymous_7)
FNDA:0,(anonymous_8)
FNDA:0,(anonymous_9)
FNDA:0,(anonymous_10)
FNDA:0,(anonymous_11)
FNDA:0,(anonymous_12)
FNDA:0,(anonymous_13)
FNDA:0,(anonymous_14)
FNDA:0,(anonymous_15)
FNDA:0,(anonymous_16)
FNDA:0,(anonymous_17)
DA:1,5
DA:4,5
DA:6,0
DA:7,0
DA:8,0
DA:14,0
DA:17,0
DA:20,0
DA:23,0
DA:32,5
DA:33,0
DA:34,0
DA:46,0
DA:49,0
DA:58,5
DA:59,0
DA:70,0
DA:71,0
DA:75,0
DA:78,0
DA:79,0
DA:83,0
DA:90,5
DA:92,0
DA:93,0
DA:99,0
DA:101,0
DA:102,0
DA:106,0
DA:109,0
DA:110,0
DA:114,0
DA:123,5
DA:124,0
DA:126,0
DA:127,0
DA:131,0
DA:134,0
DA:135,0
DA:139,0
DA:145,5
DA:147,0
DA:148,0
DA:155,0
DA:157,0
DA:158,0
DA:162,0
DA:165,0
DA:166,0
DA:170,0
LF:50
LH:7
BRDA:7,0,0,0
BRDA:7,0,1,0
BRDA:25,1,0,0
BRDA:25,1,1,0
BRDA:51,2,0,0
BRDA:51,2,1,0
BRDA:70,3,0,0
BRDA:70,3,1,0
BRDA:78,4,0,0
BRDA:78,4,1,0
BRDA:92,5,0,0
BRDA:92,5,1,0
BRDA:101,6,0,0
BRDA:101,6,1,0
BRDA:109,7,0,0
BRDA:109,7,1,0
BRDA:126,8,0,0
BRDA:126,8,1,0
BRDA:134,9,0,0
BRDA:134,9,1,0
BRDA:134,10,0,0
BRDA:134,10,1,0
BRDA:147,11,0,0
BRDA:147,11,1,0
BRDA:157,12,0,0
BRDA:157,12,1,0
BRDA:165,13,0,0
BRDA:165,13,1,0
BRF:28
BRH:0
end_of_record
TN:
SF:controllers/PlayerStatisticObjectiveController.js
FN:7,(anonymous_0)
FN:21,(anonymous_1)
FN:24,(anonymous_2)
FN:35,(anonymous_3)
FN:46,(anonymous_4)
FN:53,(anonymous_5)
FN:64,(anonymous_6)
FN:74,(anonymous_7)
FN:87,(anonymous_8)
FN:90,(anonymous_9)
FN:100,(anonymous_10)
FN:111,(anonymous_11)
FN:119,(anonymous_12)
FN:132,(anonymous_13)
FN:142,(anonymous_14)
FN:150,(anonymous_15)
FN:165,(anonymous_16)
FN:167,(anonymous_17)
FN:175,(anonymous_18)
FN:187,(anonymous_19)
FN:198,(anonymous_20)
FN:206,(anonymous_21)
FNF:22
FNH:0
FNDA:0,(anonymous_0)
FNDA:0,(anonymous_1)
FNDA:0,(anonymous_2)
FNDA:0,(anonymous_3)
FNDA:0,(anonymous_4)
FNDA:0,(anonymous_5)
FNDA:0,(anonymous_6)
FNDA:0,(anonymous_7)
FNDA:0,(anonymous_8)
FNDA:0,(anonymous_9)
FNDA:0,(anonymous_10)
FNDA:0,(anonymous_11)
FNDA:0,(anonymous_12)
FNDA:0,(anonymous_13)
FNDA:0,(anonymous_14)
FNDA:0,(anonymous_15)
FNDA:0,(anonymous_16)
FNDA:0,(anonymous_17)
FNDA:0,(anonymous_18)
FNDA:0,(anonymous_19)
FNDA:0,(anonymous_20)
FNDA:0,(anonymous_21)
DA:1,5
DA:2,5
DA:3,5
DA:4,5
DA:5,5
DA:7,5
DA:9,0
DA:10,0
DA:11,0
DA:17,0
DA:19,0
DA:22,0
DA:23,0
DA:24,0
DA:25,0
DA:26,0
DA:34,0
DA:36,0
DA:45,0
DA:46,0
DA:47,0
DA:54,0
DA:55,0
DA:62,0
DA:65,0
DA:74,5
DA:75,0
DA:76,0
DA:88,0
DA:91,0
DA:100,5
DA:101,0
DA:112,0
DA:113,0
DA:117,0
DA:120,0
DA:121,0
DA:125,0
DA:132,5
DA:134,0
DA:135,0
DA:141,0
DA:143,0
DA:144,0
DA:148,0
DA:151,0
DA:152,0
DA:156,0
DA:165,5
DA:166,0
DA:168,0
DA:169,0
DA:173,0
DA:176,0
DA:177,0
DA:181,0
DA:187,5
DA:189,0
DA:190,0
DA:197,0
DA:199,0
DA:200,0
DA:204,0
DA:207,0
DA:208,0
DA:212,0
LF:66
LH:11
BRDA:10,0,0,0
BRDA:10,0,1,0
BRDA:31,1,0,0
BRDA:31,1,1,0
BRDA:40,2,0,0
BRDA:40,2,1,0
BRDA:49,3,0,0
BRDA:49,3,1,0
BRDA:54,4,0,0
BRDA:54,4,1,0
BRDA:67,5,0,0
BRDA:67,5,1,0
BRDA:93,6,0,0
BRDA:93,6,1,0
BRDA:112,7,0,0
BRDA:112,7,1,0
BRDA:120,8,0,0
BRDA:120,8,1,0
BRDA:134,9,0,0
BRDA:134,9,1,0
BRDA:143,10,0,0
BRDA:143,10,1,0
BRDA:151,11,0,0
BRDA:151,11,1,0
BRDA:168,12,0,0
BRDA:168,12,1,0
BRDA:176,13,0,0
BRDA:176,13,1,0
BRDA:176,14,0,0
BRDA:176,14,1,0
BRDA:189,15,0,0
BRDA:189,15,1,0
BRDA:199,16,0,0
BRDA:199,16,1,0
BRDA:207,17,0,0
BRDA:207,17,1,0
BRF:36
BRH:0
end_of_record
TN:
SF:controllers/assignerDefiController.js
FN:3,(anonymous_0)
FN:16,(anonymous_1)
FN:19,(anonymous_2)
FN:27,(anonymous_3)
FN:32,(anonymous_4)
FN:35,(anonymous_5)
FN:41,(anonymous_6)
FN:48,(anonymous_7)
FN:51,(anonymous_8)
FN:58,(anonymous_9)
FN:67,(anonymous_10)
FN:75,(anonymous_11)
FNF:12
FNH:9
FNDA:2,(anonymous_0)
FNDA:1,(anonymous_1)
FNDA:0,(anonymous_2)
FNDA:1,(anonymous_3)
FNDA:1,(anonymous_4)
FNDA:0,(anonymous_5)
FNDA:1,(anonymous_6)
FNDA:1,(anonymous_7)
FNDA:0,(anonymous_8)
FNDA:3,(anonymous_9)
FNDA:1,(anonymous_10)
FNDA:1,(anonymous_11)
DA:1,5
DA:3,5
DA:5,2
DA:6,2
DA:7,1
DA:12,1
DA:14,1
DA:17,1
DA:20,0
DA:27,5
DA:28,1
DA:29,1
DA:33,1
DA:36,0
DA:41,5
DA:42,1
DA:43,1
DA:49,1
DA:52,0
DA:58,5
DA:59,3
DA:60,1
DA:66,2
DA:68,1
DA:69,1
DA:73,0
DA:76,1
DA:77,1
DA:81,0
LF:29
LH:24
BRDA:6,0,0,1
BRDA:6,0,1,1
BRDA:21,1,0,0
BRDA:21,1,1,0
BRDA:37,2,0,0
BRDA:37,2,1,0
BRDA:53,3,0,0
BRDA:53,3,1,0
BRDA:59,4,0,1
BRDA:59,4,1,2
BRDA:68,5,0,1
BRDA:68,5,1,0
BRDA:76,6,0,1
BRDA:76,6,1,0
BRF:14
BRH:6
end_of_record
TN:
SF:controllers/authController.js
FN:6,(anonymous_0)
FN:20,(anonymous_1)
FN:75,(anonymous_2)
FN:104,(anonymous_3)
FNF:4
FNH:3
FNDA:2,(anonymous_0)
FNDA:3,(anonymous_1)
FNDA:4,(anonymous_2)
FNDA:0,(anonymous_3)
DA:1,5
DA:2,5
DA:3,5
DA:4,5
DA:6,5
DA:7,2
DA:9,2
DA:16,2
DA:17,2
DA:20,5
DA:34,3
DA:35,3
DA:45,1
DA:49,2
DA:50,2
DA:51,1
DA:58,1
DA:72,1
DA:75,5
DA:76,4
DA:77,4
DA:78,1
DA:82,3
DA:83,3
DA:84,1
DA:91,2
DA:92,2
DA:93,1
DA:101,1
DA:104,5
DA:105,0
DA:109,0
LF:32
LH:30
BRDA:35,0,0,1
BRDA:35,0,1,2
BRDA:36,1,0,3
BRDA:36,1,1,3
BRDA:36,1,2,3
BRDA:36,1,3,2
BRDA:36,1,4,2
BRDA:36,1,5,2
BRDA:36,1,6,2
BRDA:36,1,7,2
BRDA:50,2,0,1
BRDA:50,2,1,1
BRDA:77,3,0,1
BRDA:77,3,1,3
BRDA:77,4,0,4
BRDA:77,4,1,4
BRDA:83,5,0,1
BRDA:83,5,1,2
BRDA:92,6,0,1
BRDA:92,6,1,1
BRF:20
BRH:20
end_of_record
TN:
SF:controllers/defiController.js
FN:3,(anonymous_0)
FN:18,(anonymous_1)
FN:21,(anonymous_2)
FN:29,(anonymous_3)
FN:33,(anonymous_4)
FN:36,(anonymous_5)
FN:44,(anonymous_6)
FN:46,(anonymous_7)
FN:54,(anonymous_8)
FN:67,(anonymous_9)
FN:77,(anonymous_10)
FN:85,(anonymous_11)
FN:97,(anonymous_12)
FN:107,(anonymous_13)
FN:115,(anonymous_14)
FN:128,(anonymous_15)
FN:130,(anonymous_16)
FN:138,(anonymous_17)
FNF:18
FNH:0
FNDA:0,(anonymous_0)
FNDA:0,(anonymous_1)
FNDA:0,(anonymous_2)
FNDA:0,(anonymous_3)
FNDA:0,(anonymous_4)
FNDA:0,(anonymous_5)
FNDA:0,(anonymous_6)
FNDA:0,(anonymous_7)
FNDA:0,(anonymous_8)
FNDA:0,(anonymous_9)
FNDA:0,(anonymous_10)
FNDA:0,(anonymous_11)
FNDA:0,(anonymous_12)
FNDA:0,(anonymous_13)
FNDA:0,(anonymous_14)
FNDA:0,(anonymous_15)
FNDA:0,(anonymous_16)
FNDA:0,(anonymous_17)
DA:1,5
DA:3,5
DA:5,0
DA:6,0
DA:7,0
DA:13,0
DA:16,0
DA:19,0
DA:22,0
DA:29,5
DA:30,0
DA:31,0
DA:34,0
DA:37,0
DA:44,5
DA:45,0
DA:47,0
DA:48,0
DA:52,0
DA:55,0
DA:56,0
DA:60,0
DA:67,5
DA:69,0
DA:70,0
DA:76,0
DA:78,0
DA:79,0
DA:83,0
DA:86,0
DA:87,0
DA:91,0
DA:97,5
DA:99,0
DA:100,0
DA:106,0
DA:108,0
DA:109,0
DA:113,0
DA:116,0
DA:117,0
DA:121,0
DA:128,5
DA:129,0
DA:131,0
DA:132,0
DA:136,0
DA:139,0
DA:140,0
DA:144,0
LF:50
LH:7
BRDA:6,0,0,0
BRDA:6,0,1,0
BRDA:23,1,0,0
BRDA:23,1,1,0
BRDA:38,2,0,0
BRDA:38,2,1,0
BRDA:47,3,0,0
BRDA:47,3,1,0
BRDA:55,4,0,0
BRDA:55,4,1,0
BRDA:69,5,0,0
BRDA:69,5,1,0
BRDA:78,6,0,0
BRDA:78,6,1,0
BRDA:86,7,0,0
BRDA:86,7,1,0
BRDA:99,8,0,0
BRDA:99,8,1,0
BRDA:108,9,0,0
BRDA:108,9,1,0
BRDA:116,10,0,0
BRDA:116,10,1,0
BRDA:131,11,0,0
BRDA:131,11,1,0
BRDA:139,12,0,0
BRDA:139,12,1,0
BRDA:139,13,0,0
BRDA:139,13,1,0
BRF:28
BRH:0
end_of_record
TN:
SF:controllers/disciplinesController.js
FN:4,(anonymous_0)
FN:19,(anonymous_1)
FN:22,(anonymous_2)
FN:31,(anonymous_3)
FN:34,(anonymous_4)
FN:37,(anonymous_5)
FN:45,(anonymous_6)
FN:47,(anonymous_7)
FN:55,(anonymous_8)
FN:70,(anonymous_9)
FN:80,(anonymous_10)
FN:88,(anonymous_11)
FN:102,(anonymous_12)
FN:104,(anonymous_13)
FN:112,(anonymous_14)
FNF:15
FNH:13
FNDA:2,(anonymous_0)
FNDA:1,(anonymous_1)
FNDA:0,(anonymous_2)
FNDA:2,(anonymous_3)
FNDA:2,(anonymous_4)
FNDA:0,(anonymous_5)
FNDA:3,(anonymous_6)
FNDA:2,(anonymous_7)
FNDA:1,(anonymous_8)
FNDA:4,(anonymous_9)
FNDA:2,(anonymous_10)
FNDA:1,(anonymous_11)
FNDA:3,(anonymous_12)
FNDA:2,(anonymous_13)
FNDA:1,(anonymous_14)
DA:1,5
DA:4,5
DA:6,2
DA:7,2
DA:8,1
DA:14,1
DA:17,1
DA:20,1
DA:23,0
DA:31,5
DA:32,2
DA:33,2
DA:35,2
DA:38,0
DA:45,5
DA:46,3
DA:48,2
DA:49,1
DA:53,1
DA:56,1
DA:57,1
DA:61,0
DA:70,5
DA:72,4
DA:73,1
DA:79,3
DA:81,2
DA:82,1
DA:86,1
DA:89,1
DA:90,1
DA:94,0
DA:102,5
DA:103,3
DA:105,2
DA:106,1
DA:110,1
DA:113,1
DA:114,1
DA:118,0
LF:40
LH:35
BRDA:7,0,0,1
BRDA:7,0,1,1
BRDA:25,1,0,0
BRDA:25,1,1,0
BRDA:39,2,0,0
BRDA:39,2,1,0
BRDA:48,3,0,1
BRDA:48,3,1,1
BRDA:56,4,0,1
BRDA:56,4,1,0
BRDA:72,5,0,1
BRDA:72,5,1,3
BRDA:81,6,0,1
BRDA:81,6,1,1
BRDA:89,7,0,1
BRDA:89,7,1,0
BRDA:105,8,0,1
BRDA:105,8,1,1
BRDA:113,9,0,1
BRDA:113,9,1,0
BRDA:113,10,0,1
BRDA:113,10,1,0
BRF:22
BRH:14
end_of_record
TN:
SF:controllers/eventController.js
FN:5,(anonymous_0)
FN:19,(anonymous_1)
FN:21,(anonymous_2)
FN:29,(anonymous_3)
FN:32,(anonymous_4)
FN:34,(anonymous_5)
FN:42,(anonymous_6)
FN:44,(anonymous_7)
FN:51,(anonymous_8)
FN:64,(anonymous_9)
FN:74,(anonymous_10)
FN:81,(anonymous_11)
FN:94,(anonymous_12)
FN:96,(anonymous_13)
FN:103,(anonymous_14)
FN:115,(anonymous_15)
FN:130,(anonymous_16)
FN:132,(anonymous_17)
FNF:18
FNH:0
FNDA:0,(anonymous_0)
FNDA:0,(anonymous_1)
FNDA:0,(anonymous_2)
FNDA:0,(anonymous_3)
FNDA:0,(anonymous_4)
FNDA:0,(anonymous_5)
FNDA:0,(anonymous_6)
FNDA:0,(anonymous_7)
FNDA:0,(anonymous_8)
FNDA:0,(anonymous_9)
FNDA:0,(anonymous_10)
FNDA:0,(anonymous_11)
FNDA:0,(anonymous_12)
FNDA:0,(anonymous_13)
FNDA:0,(anonymous_14)
FNDA:0,(anonymous_15)
FNDA:0,(anonymous_16)
FNDA:0,(anonymous_17)
DA:1,5
DA:2,5
DA:5,5
DA:7,0
DA:8,0
DA:9,0
DA:15,0
DA:18,0
DA:20,0
DA:22,0
DA:29,5
DA:30,0
DA:31,0
DA:33,0
DA:35,0
DA:42,5
DA:43,0
DA:45,0
DA:46,0
DA:50,0
DA:52,0
DA:53,0
DA:57,0
DA:64,5
DA:66,0
DA:67,0
DA:73,0
DA:75,0
DA:76,0
DA:80,0
DA:82,0
DA:83,0
DA:87,0
DA:94,5
DA:95,0
DA:97,0
DA:98,0
DA:102,0
DA:104,0
DA:105,0
DA:109,0
DA:115,5
DA:117,0
DA:119,0
DA:131,0
DA:133,0
LF:46
LH:8
BRDA:8,0,0,0
BRDA:8,0,1,0
BRDA:23,1,0,0
BRDA:23,1,1,0
BRDA:36,2,0,0
BRDA:36,2,1,0
BRDA:45,3,0,0
BRDA:45,3,1,0
BRDA:52,4,0,0
BRDA:52,4,1,0
BRDA:66,5,0,0
BRDA:66,5,1,0
BRDA:75,6,0,0
BRDA:75,6,1,0
BRDA:82,7,0,0
BRDA:82,7,1,0
BRDA:97,8,0,0
BRDA:97,8,1,0
BRDA:104,9,0,0
BRDA:104,9,1,0
BRDA:104,10,0,0
BRDA:104,10,1,0
BRDA:134,11,0,0
BRDA:134,11,1,0
BRF:24
BRH:0
end_of_record
TN:
SF:controllers/invitationsController.js
FN:7,(anonymous_0)
FN:19,(anonymous_1)
FN:46,(anonymous_2)
FN:50,(anonymous_3)
FN:53,(anonymous_4)
FN:61,(anonymous_5)
FN:65,(anonymous_6)
FN:73,(anonymous_7)
FN:88,(anonymous_8)
FN:98,(anonymous_9)
FN:106,(anonymous_10)
FN:120,(anonymous_11)
FN:122,(anonymous_12)
FN:130,(anonymous_13)
FNF:14
FNH:0
FNDA:0,(anonymous_0)
FNDA:0,(anonymous_1)
FNDA:0,(anonymous_2)
FNDA:0,(anonymous_3)
FNDA:0,(anonymous_4)
FNDA:0,(anonymous_5)
FNDA:0,(anonymous_6)
FNDA:0,(anonymous_7)
FNDA:0,(anonymous_8)
FNDA:0,(anonymous_9)
FNDA:0,(anonymous_10)
FNDA:0,(anonymous_11)
FNDA:0,(anonymous_12)
FNDA:0,(anonymous_13)
DA:1,5
DA:2,5
DA:3,5
DA:4,5
DA:7,5
DA:9,0
DA:10,0
DA:11,0
DA:16,0
DA:19,0
DA:20,0
DA:25,0
DA:26,0
DA:28,0
DA:33,0
DA:34,0
DA:39,0
DA:41,0
DA:46,5
DA:47,0
DA:48,0
DA:51,0
DA:54,0
DA:61,5
DA:62,0
DA:66,0
DA:67,0
DA:71,0
DA:74,0
DA:75,0
DA:79,0
DA:88,5
DA:90,0
DA:91,0
DA:97,0
DA:99,0
DA:100,0
DA:104,0
DA:107,0
DA:108,0
DA:112,0
DA:120,5
DA:121,0
DA:123,0
DA:124,0
DA:128,0
DA:131,0
DA:132,0
DA:136,0
LF:49
LH:9
BRDA:10,0,0,0
BRDA:10,0,1,0
BRDA:21,1,0,0
BRDA:21,1,1,0
BRDA:55,2,0,0
BRDA:55,2,1,0
BRDA:66,3,0,0
BRDA:66,3,1,0
BRDA:74,4,0,0
BRDA:74,4,1,0
BRDA:90,5,0,0
BRDA:90,5,1,0
BRDA:99,6,0,0
BRDA:99,6,1,0
BRDA:107,7,0,0
BRDA:107,7,1,0
BRDA:123,8,0,0
BRDA:123,8,1,0
BRDA:131,9,0,0
BRDA:131,9,1,0
BRDA:131,10,0,0
BRDA:131,10,1,0
BRF:22
BRH:0
end_of_record
TN:
SF:controllers/programmeController.js
FN:4,(anonymous_0)
FN:18,(anonymous_1)
FN:20,(anonymous_2)
FN:28,(anonymous_3)
FN:31,(anonymous_4)
FN:33,(anonymous_5)
FN:41,(anonymous_6)
FN:43,(anonymous_7)
FN:50,(anonymous_8)
FN:63,(anonymous_9)
FN:73,(anonymous_10)
FN:80,(anonymous_11)
FN:93,(anonymous_12)
FN:95,(anonymous_13)
FN:102,(anonymous_14)
FNF:15
FNH:0
FNDA:0,(anonymous_0)
FNDA:0,(anonymous_1)
FNDA:0,(anonymous_2)
FNDA:0,(anonymous_3)
FNDA:0,(anonymous_4)
FNDA:0,(anonymous_5)
FNDA:0,(anonymous_6)
FNDA:0,(anonymous_7)
FNDA:0,(anonymous_8)
FNDA:0,(anonymous_9)
FNDA:0,(anonymous_10)
FNDA:0,(anonymous_11)
FNDA:0,(anonymous_12)
FNDA:0,(anonymous_13)
FNDA:0,(anonymous_14)
DA:1,5
DA:4,5
DA:6,0
DA:7,0
DA:8,0
DA:14,0
DA:17,0
DA:19,0
DA:21,0
DA:28,5
DA:29,0
DA:30,0
DA:32,0
DA:34,0
DA:41,5
DA:42,0
DA:44,0
DA:45,0
DA:49,0
DA:51,0
DA:52,0
DA:56,0
DA:63,5
DA:65,0
DA:66,0
DA:72,0
DA:74,0
DA:75,0
DA:79,0
DA:81,0
DA:82,0
DA:86,0
DA:93,5
DA:94,0
DA:96,0
DA:97,0
DA:101,0
DA:103,0
DA:104,0
DA:108,0
LF:40
LH:6
BRDA:7,0,0,0
BRDA:7,0,1,0
BRDA:22,1,0,0
BRDA:22,1,1,0
BRDA:35,2,0,0
BRDA:35,2,1,0
BRDA:44,3,0,0
BRDA:44,3,1,0
BRDA:51,4,0,0
BRDA:51,4,1,0
BRDA:65,5,0,0
BRDA:65,5,1,0
BRDA:74,6,0,0
BRDA:74,6,1,0
BRDA:81,7,0,0
BRDA:81,7,1,0
BRDA:96,8,0,0
BRDA:96,8,1,0
BRDA:103,9,0,0
BRDA:103,9,1,0
BRDA:103,10,0,0
BRDA:103,10,1,0
BRF:22
BRH:0
end_of_record
TN:
SF:controllers/seanceController.js
FN:5,(anonymous_0)
FN:20,(anonymous_1)
FN:23,(anonymous_2)
FN:29,(anonymous_3)
FN:40,(anonymous_4)
FN:69,(anonymous_5)
FN:82,(anonymous_6)
FN:90,(anonymous_7)
FN:93,(anonymous_8)
FN:101,(anonymous_9)
FN:109,(anonymous_10)
FN:117,(anonymous_11)
FN:131,(anonymous_12)
FN:141,(anonymous_13)
FN:149,(anonymous_14)
FN:162,(anonymous_15)
FN:164,(anonymous_16)
FN:172,(anonymous_17)
FNF:18
FNH:0
FNDA:0,(anonymous_0)
FNDA:0,(anonymous_1)
FNDA:0,(anonymous_2)
FNDA:0,(anonymous_3)
FNDA:0,(anonymous_4)
FNDA:0,(anonymous_5)
FNDA:0,(anonymous_6)
FNDA:0,(anonymous_7)
FNDA:0,(anonymous_8)
FNDA:0,(anonymous_9)
FNDA:0,(anonymous_10)
FNDA:0,(anonymous_11)
FNDA:0,(anonymous_12)
FNDA:0,(anonymous_13)
FNDA:0,(anonymous_14)
FNDA:0,(anonymous_15)
FNDA:0,(anonymous_16)
FNDA:0,(anonymous_17)
DA:1,5
DA:2,5
DA:3,5
DA:5,5
DA:7,0
DA:8,0
DA:9,0
DA:15,0
DA:18,0
DA:21,0
DA:24,0
DA:29,5
DA:30,0
DA:31,0
DA:36,0
DA:41,0
DA:42,0
DA:46,0
DA:48,0
DA:57,0
DA:58,0
DA:64,0
DA:66,0
DA:70,0
DA:71,0
DA:75,0
DA:82,5
DA:83,0
DA:84,0
DA:91,0
DA:94,0
DA:101,5
DA:102,0
DA:110,0
DA:111,0
DA:115,0
DA:118,0
DA:119,0
DA:123,0
DA:131,5
DA:133,0
DA:134,0
DA:140,0
DA:142,0
DA:143,0
DA:147,0
DA:150,0
DA:151,0
DA:155,0
DA:162,5
DA:163,0
DA:165,0
DA:166,0
DA:170,0
DA:173,0
DA:174,0
DA:178,0
LF:57
LH:9
BRDA:8,0,0,0
BRDA:8,0,1,0
BRDA:25,1,0,0
BRDA:25,1,1,0
BRDA:30,2,0,0
BRDA:30,2,1,0
BRDA:41,3,0,0
BRDA:41,3,1,0
BRDA:70,4,0,0
BRDA:70,4,1,0
BRDA:95,5,0,0
BRDA:95,5,1,0
BRDA:110,6,0,0
BRDA:110,6,1,0
BRDA:118,7,0,0
BRDA:118,7,1,0
BRDA:133,8,0,0
BRDA:133,8,1,0
BRDA:142,9,0,0
BRDA:142,9,1,0
BRDA:150,10,0,0
BRDA:150,10,1,0
BRDA:165,11,0,0
BRDA:165,11,1,0
BRDA:173,12,0,0
BRDA:173,12,1,0
BRDA:173,13,0,0
BRDA:173,13,1,0
BRF:28
BRH:0
end_of_record
TN:
SF:controllers/skillController.js
FN:4,(anonymous_0)
FN:19,(anonymous_1)
FN:22,(anonymous_2)
FN:32,(anonymous_3)
FN:57,(anonymous_4)
FN:59,(anonymous_5)
FN:67,(anonymous_6)
FN:81,(anonymous_7)
FN:90,(anonymous_8)
FN:101,(anonymous_9)
FN:115,(anonymous_10)
FN:117,(anonymous_11)
FN:128,(anonymous_12)
FN:141,(anonymous_13)
FN:144,(anonymous_14)
FN:146,(anonymous_15)
FNF:16
FNH:0
FNDA:0,(anonymous_0)
FNDA:0,(anonymous_1)
FNDA:0,(anonymous_2)
FNDA:0,(anonymous_3)
FNDA:0,(anonymous_4)
FNDA:0,(anonymous_5)
FNDA:0,(anonymous_6)
FNDA:0,(anonymous_7)
FNDA:0,(anonymous_8)
FNDA:0,(anonymous_9)
FNDA:0,(anonymous_10)
FNDA:0,(anonymous_11)
FNDA:0,(anonymous_12)
FNDA:0,(anonymous_13)
FNDA:0,(anonymous_14)
FNDA:0,(anonymous_15)
DA:1,5
DA:2,5
DA:4,5
DA:5,0
DA:6,0
DA:7,0
DA:8,0
DA:12,0
DA:13,0
DA:14,0
DA:16,0
DA:17,0
DA:20,0
DA:23,0
DA:32,5
DA:33,0
DA:34,0
DA:35,0
DA:36,0
DA:37,0
DA:41,0
DA:48,0
DA:57,5
DA:58,0
DA:60,0
DA:61,0
DA:65,0
DA:68,0
DA:69,0
DA:73,0
DA:81,5
DA:82,0
DA:83,0
DA:89,0
DA:91,0
DA:92,0
DA:96,0
DA:102,0
DA:103,0
DA:107,0
DA:115,5
DA:116,0
DA:118,0
DA:119,0
DA:123,0
DA:129,0
DA:130,0
DA:134,0
DA:141,5
DA:142,0
DA:143,0
DA:145,0
DA:147,0
LF:53
LH:8
BRDA:7,0,0,0
BRDA:7,0,1,0
BRDA:13,1,0,0
BRDA:13,1,1,0
BRDA:25,2,0,0
BRDA:25,2,1,0
BRDA:35,3,0,0
BRDA:35,3,1,0
BRDA:50,4,0,0
BRDA:50,4,1,0
BRDA:60,5,0,0
BRDA:60,5,1,0
BRDA:68,6,0,0
BRDA:68,6,1,0
BRDA:82,7,0,0
BRDA:82,7,1,0
BRDA:91,8,0,0
BRDA:91,8,1,0
BRDA:102,9,0,0
BRDA:102,9,1,0
BRDA:118,10,0,0
BRDA:118,10,1,0
BRDA:129,11,0,0
BRDA:129,11,1,0
BRDA:129,12,0,0
BRDA:129,12,1,0
BRDA:148,13,0,0
BRDA:148,13,1,0
BRF:28
BRH:0
end_of_record
TN:
SF:controllers/statisticController.js
FN:4,(anonymous_0)
FN:19,(anonymous_1)
FN:22,(anonymous_2)
FN:32,(anonymous_3)
FN:59,(anonymous_4)
FN:61,(anonymous_5)
FN:70,(anonymous_6)
FN:86,(anonymous_7)
FN:96,(anonymous_8)
FN:107,(anonymous_9)
FN:121,(anonymous_10)
FN:123,(anonymous_11)
FN:134,(anonymous_12)
FNF:13
FNH:0
FNDA:0,(anonymous_0)
FNDA:0,(anonymous_1)
FNDA:0,(anonymous_2)
FNDA:0,(anonymous_3)
FNDA:0,(anonymous_4)
FNDA:0,(anonymous_5)
FNDA:0,(anonymous_6)
FNDA:0,(anonymous_7)
FNDA:0,(anonymous_8)
FNDA:0,(anonymous_9)
FNDA:0,(anonymous_10)
FNDA:0,(anonymous_11)
FNDA:0,(anonymous_12)
DA:1,5
DA:2,5
DA:4,5
DA:5,0
DA:6,0
DA:7,0
DA:8,0
DA:12,0
DA:13,0
DA:14,0
DA:16,0
DA:17,0
DA:20,0
DA:23,0
DA:32,5
DA:33,0
DA:34,0
DA:35,0
DA:36,0
DA:37,0
DA:43,0
DA:50,0
DA:59,5
DA:60,0
DA:62,0
DA:63,0
DA:68,0
DA:71,0
DA:72,0
DA:77,0
DA:86,5
DA:88,0
DA:89,0
DA:95,0
DA:97,0
DA:98,0
DA:102,0
DA:108,0
DA:109,0
DA:113,0
DA:121,5
DA:122,0
DA:124,0
DA:125,0
DA:129,0
DA:135,0
DA:136,0
DA:140,0
LF:48
LH:7
BRDA:7,0,0,0
BRDA:7,0,1,0
BRDA:13,1,0,0
BRDA:13,1,1,0
BRDA:25,2,0,0
BRDA:25,2,1,0
BRDA:35,3,0,0
BRDA:35,3,1,0
BRDA:52,4,0,0
BRDA:52,4,1,0
BRDA:62,5,0,0
BRDA:62,5,1,0
BRDA:71,6,0,0
BRDA:71,6,1,0
BRDA:88,7,0,0
BRDA:88,7,1,0
BRDA:97,8,0,0
BRDA:97,8,1,0
BRDA:108,9,0,0
BRDA:108,9,1,0
BRDA:124,10,0,0
BRDA:124,10,1,0
BRDA:135,11,0,0
BRDA:135,11,1,0
BRDA:135,12,0,0
BRDA:135,12,1,0
BRF:26
BRH:0
end_of_record
TN:
SF:controllers/trainingGroundController.js
FN:4,(anonymous_0)
FN:17,(anonymous_1)
FN:23,(anonymous_2)
FN:32,(anonymous_3)
FN:46,(anonymous_4)
FN:75,(anonymous_5)
FN:77,(anonymous_6)
FNF:7
FNH:6
FNDA:1,(anonymous_0)
FNDA:1,(anonymous_1)
FNDA:0,(anonymous_2)
FNDA:3,(anonymous_3)
FNDA:3,(anonymous_4)
FNDA:3,(anonymous_5)
FNDA:2,(anonymous_6)
DA:1,5
DA:2,5
DA:3,5
DA:4,5
DA:5,1
DA:6,1
DA:7,0
DA:11,1
DA:15,1
DA:18,1
DA:24,0
DA:32,5
DA:33,3
DA:34,2
DA:37,2
DA:38,2
DA:40,0
DA:42,1
DA:46,5
DA:47,3
DA:48,3
DA:49,1
DA:54,2
DA:55,1
DA:63,1
DA:64,1
DA:69,0
DA:71,1
DA:75,5
DA:76,3
DA:77,2
DA:78,2
DA:79,0
DA:84,2
DA:85,1
DA:90,1
DA:96,1
LF:37
LH:32
BRDA:6,0,0,0
BRDA:6,0,1,1
BRDA:6,1,0,1
BRDA:6,1,1,1
BRDA:6,1,2,1
BRDA:6,1,3,1
BRDA:27,2,0,0
BRDA:27,2,1,0
BRDA:33,3,0,2
BRDA:33,3,1,1
BRDA:37,4,0,2
BRDA:37,4,1,0
BRDA:48,5,0,1
BRDA:48,5,1,2
BRDA:48,6,0,3
BRDA:48,6,1,3
BRDA:48,6,2,2
BRDA:48,6,3,2
BRDA:54,7,0,1
BRDA:54,7,1,1
BRDA:63,8,0,1
BRDA:63,8,1,0
BRDA:76,9,0,2
BRDA:76,9,1,1
BRDA:78,10,0,0
BRDA:78,10,1,2
BRDA:84,11,0,1
BRDA:84,11,1,1
BRF:28
BRH:22
end_of_record
TN:
SF:controllers/usersController.js
FN:3,(anonymous_0)
FN:21,(anonymous_1)
FN:36,(anonymous_2)
FN:39,(anonymous_3)
FN:47,(anonymous_4)
FN:51,(anonymous_5)
FN:54,(anonymous_6)
FN:62,(anonymous_7)
FN:67,(anonymous_8)
FN:75,(anonymous_9)
FN:87,(anonymous_10)
FN:97,(anonymous_11)
FN:105,(anonymous_12)
FN:118,(anonymous_13)
FN:120,(anonymous_14)
FN:128,(anonymous_15)
FN:139,(anonymous_16)
FNF:17
FNH:0
FNDA:0,(anonymous_0)
FNDA:0,(anonymous_1)
FNDA:0,(anonymous_2)
FNDA:0,(anonymous_3)
FNDA:0,(anonymous_4)
FNDA:0,(anonymous_5)
FNDA:0,(anonymous_6)
FNDA:0,(anonymous_7)
FNDA:0,(anonymous_8)
FNDA:0,(anonymous_9)
FNDA:0,(anonymous_10)
FNDA:0,(anonymous_11)
FNDA:0,(anonymous_12)
FNDA:0,(anonymous_13)
FNDA:0,(anonymous_14)
FNDA:0,(anonymous_15)
FNDA:0,(anonymous_16)
DA:1,5
DA:2,5
DA:3,5
DA:4,0
DA:6,0
DA:13,0
DA:14,0
DA:16,0
DA:17,0
DA:21,5
DA:23,0
DA:24,0
DA:25,0
DA:31,0
DA:34,0
DA:37,0
DA:40,0
DA:47,5
DA:48,0
DA:49,0
DA:52,0
DA:55,0
DA:62,5
DA:63,0
DA:68,0
DA:69,0
DA:73,0
DA:76,0
DA:77,0
DA:81,0
DA:87,5
DA:89,0
DA:90,0
DA:96,0
DA:98,0
DA:99,0
DA:103,0
DA:106,0
DA:107,0
DA:111,0
DA:118,5
DA:119,0
DA:121,0
DA:122,0
DA:126,0
DA:129,0
DA:130,0
DA:134,0
DA:139,5
DA:140,0
DA:141,0
DA:142,0
DA:146,0
DA:147,0
DA:148,0
DA:149,0
DA:150,0
DA:151,0
DA:152,0
DA:153,0
DA:161,0
DA:162,0
DA:168,0
LF:63
LH:9
BRDA:13,0,0,0
BRDA:13,0,1,0
BRDA:24,1,0,0
BRDA:24,1,1,0
BRDA:41,2,0,0
BRDA:41,2,1,0
BRDA:56,3,0,0
BRDA:56,3,1,0
BRDA:68,4,0,0
BRDA:68,4,1,0
BRDA:76,5,0,0
BRDA:76,5,1,0
BRDA:89,6,0,0
BRDA:89,6,1,0
BRDA:98,7,0,0
BRDA:98,7,1,0
BRDA:106,8,0,0
BRDA:106,8,1,0
BRDA:121,9,0,0
BRDA:121,9,1,0
BRDA:129,10,0,0
BRDA:129,10,1,0
BRDA:129,11,0,0
BRDA:129,11,1,0
BRDA:141,12,0,0
BRDA:141,12,1,0
BRDA:147,13,0,0
BRDA:147,13,1,0
BRDA:149,14,0,0
BRDA:149,14,1,0
BRDA:151,15,0,0
BRDA:151,15,1,0
BRDA:161,16,0,0
BRDA:161,16,1,0
BRF:34
BRH:0
end_of_record
TN:
SF:middleware/authMiddleware.js
FN:5,(anonymous_0)
FN:40,(anonymous_1)
FN:41,(anonymous_2)
FNF:3
FNH:0
FNDA:0,(anonymous_0)
FNDA:0,(anonymous_1)
FNDA:0,(anonymous_2)
DA:1,5
DA:2,5
DA:3,5
DA:5,5
DA:11,0
DA:15,0
DA:17,0
DA:18,0
DA:25,0
DA:27,0
DA:28,0
DA:29,0
DA:31,0
DA:32,0
DA:40,5
DA:41,0
DA:42,0
DA:43,0
DA:50,0
LF:19
LH:5
BRDA:11,0,0,0
BRDA:11,0,1,0
BRDA:12,1,0,0
BRDA:12,1,1,0
BRDA:17,2,0,0
BRDA:17,2,1,0
BRDA:42,3,0,0
BRDA:42,3,1,0
BRF:8
BRH:0
end_of_record
TN:
SF:middleware/errorMiddleware.js
FN:3,(anonymous_0)
FN:20,(anonymous_1)
FNF:2
FNH:1
FNDA:9,(anonymous_0)
FNDA:0,(anonymous_1)
DA:1,5
DA:3,5
DA:4,9
DA:5,9
DA:7,9
DA:8,0
DA:9,0
DA:12,9
DA:13,0
DA:16,0
DA:19,9
DA:20,0
DA:21,0
DA:23,9
DA:28,5
LF:15
LH:9
BRDA:7,0,0,0
BRDA:7,0,1,9
BRDA:12,1,0,0
BRDA:12,1,1,9
BRDA:19,2,0,0
BRDA:19,2,1,9
BRDA:23,3,0,9
BRDA:23,3,1,0
BRDA:25,4,0,9
BRDA:25,4,1,0
BRF:10
BRH:5
end_of_record
TN:
SF:models/AlertModal.js
FNF:0
FNH:0
DA:1,5
DA:3,5
DA:30,5
LF:3
LH:3
BRF:0
BRH:0
end_of_record
TN:
SF:models/SkillObjectiveModal.js
FNF:0
FNH:0
DA:1,5
DA:3,5
DA:35,5
LF:3
LH:3
BRF:0
BRH:0
end_of_record
TN:
SF:models/StatisticObjectiveModal copy.js
FNF:0
FNH:0
DA:1,5
DA:3,5
DA:36,5
LF:3
LH:3
BRF:0
BRH:0
end_of_record
TN:
SF:models/assignChallengeModel.js
FNF:0
FNH:0
DA:1,5
DA:3,5
DA:29,5
LF:3
LH:3
BRF:0
BRH:0
end_of_record
TN:
SF:models/defiModel.js
FNF:0
FNH:0
DA:1,5
DA:3,5
DA:29,5
LF:3
LH:3
BRF:0
BRH:0
end_of_record
TN:
SF:models/disciplineModel.js
FNF:0
FNH:0
DA:1,5
DA:3,5
DA:14,5
LF:3
LH:3
BRF:0
BRH:0
end_of_record
TN:
SF:models/eventModel.js
FNF:0
FNH:0
DA:1,5
DA:3,5
DA:38,5
LF:3
LH:3
BRF:0
BRH:0
end_of_record
TN:
SF:models/invitationModel.js
FNF:0
FNH:0
DA:1,5
DA:2,5
DA:3,5
DA:36,5
LF:4
LH:4
BRF:0
BRH:0
end_of_record
TN:
SF:models/programmeModel.js
FNF:0
FNH:0
DA:1,5
DA:3,5
DA:31,5
LF:3
LH:3
BRF:0
BRH:0
end_of_record
TN:
SF:models/seanceModel.js
FNF:0
FNH:0
DA:1,5
DA:3,5
DA:72,5
LF:3
LH:3
BRF:0
BRH:0
end_of_record
TN:
SF:models/skillsModel.js
FNF:0
FNH:0
DA:1,5
DA:3,5
DA:34,5
LF:3
LH:3
BRF:0
BRH:0
end_of_record
TN:
SF:models/statisticModel.js
FNF:0
FNH:0
DA:1,5
DA:3,5
DA:47,5
LF:3
LH:3
BRF:0
BRH:0
end_of_record
TN:
SF:models/trainingGroundModel.js
FNF:0
FNH:0
DA:1,5
DA:3,5
DA:26,5
LF:3
LH:3
BRF:0
BRH:0
end_of_record
TN:
SF:models/userModel.js
FN:94,(anonymous_0)
FN:109,(anonymous_1)
FN:115,(anonymous_2)
FN:127,(anonymous_3)
FN:130,(anonymous_4)
FN:135,(anonymous_5)
FN:145,(anonymous_6)
FNF:7
FNH:4
FNDA:14,(anonymous_0)
FNDA:8,(anonymous_1)
FNDA:3,(anonymous_2)
FNDA:2,(anonymous_3)
FNDA:0,(anonymous_4)
FNDA:0,(anonymous_5)
FNDA:0,(anonymous_6)
DA:1,5
DA:2,5
DA:3,5
DA:4,5
DA:5,5
DA:6,5
DA:8,5
DA:95,14
DA:96,0
DA:109,5
DA:110,8
DA:112,8
DA:113,8
DA:115,5
DA:116,3
DA:123,3
DA:127,5
DA:128,2
DA:130,5
DA:131,0
DA:135,5
DA:136,0
DA:137,0
DA:141,0
DA:142,0
DA:145,5
DA:146,0
DA:147,0
DA:151,0
DA:152,0
DA:155,5
LF:31
LH:21
BRDA:95,0,0,0
BRDA:95,0,1,14
BRDA:95,1,0,14
BRDA:95,1,1,0
BRDA:110,2,0,0
BRDA:110,2,1,8
BRF:6
BRH:3
end_of_record
TN:
SF:routes/api/InvitationsRoutes.js
FNF:0
FNH:0
DA:1,5
DA:2,5
DA:3,5
DA:5,5
DA:7,5
DA:9,5
DA:11,5
DA:13,5
DA:16,5
LF:9
LH:9
BRF:0
BRH:0
end_of_record
TN:
SF:routes/api/alertRoutes.js
FNF:0
FNH:0
DA:1,5
DA:5,5
DA:6,5
DA:7,5
DA:8,5
LF:5
LH:5
BRF:0
BRH:0
end_of_record
TN:
SF:routes/api/assignChallengeRoutes.js
FNF:0
FNH:0
DA:1,5
DA:7,5
DA:8,5
DA:9,5
DA:11,5
DA:13,5
DA:15,5
DA:17,5
LF:8
LH:8
BRF:0
BRH:0
end_of_record
TN:
SF:routes/api/authRoutes.js
FNF:0
FNH:0
DA:1,5
DA:2,5
DA:3,5
DA:4,5
DA:5,5
DA:6,5
LF:6
LH:6
BRF:0
BRH:0
end_of_record
TN:
SF:routes/api/defiRoutes.js
FNF:0
FNH:0
DA:1,5
DA:8,5
DA:9,5
DA:11,5
DA:13,5
DA:15,5
DA:17,5
DA:19,5
DA:21,5
LF:9
LH:9
BRF:0
BRH:0
end_of_record
TN:
SF:routes/api/disciplinesRoutes.js
FNF:0
FNH:0
DA:1,5
DA:8,5
DA:9,5
DA:11,5
DA:13,5
DA:15,5
DA:17,5
DA:19,5
DA:21,5
LF:9
LH:9
BRF:0
BRH:0
end_of_record
TN:
SF:routes/api/eventRoutes.js
FNF:0
FNH:0
DA:1,5
DA:2,5
DA:3,5
DA:5,5
DA:7,5
DA:9,5
DA:11,5
DA:13,5
DA:15,5
DA:18,5
LF:10
LH:10
BRF:0
BRH:0
end_of_record
TN:
SF:routes/api/programmeRoutes.js
FNF:0
FNH:0
DA:1,5
DA:2,5
DA:3,5
DA:5,5
DA:7,5
DA:9,5
DA:11,5
DA:13,5
DA:16,5
LF:9
LH:9
BRF:0
BRH:0
end_of_record
TN:
SF:routes/api/seanceRoutes.js
FNF:0
FNH:0
DA:1,5
DA:9,5
DA:10,5
DA:12,5
DA:14,5
DA:16,5
DA:18,5
DA:20,5
DA:22,5
DA:24,5
LF:10
LH:10
BRF:0
BRH:0
end_of_record
TN:
SF:routes/api/skillObjectiveRoutes.js
FNF:0
FNH:0
DA:1,5
DA:9,5
DA:10,5
DA:12,5
DA:14,5
DA:16,5
DA:18,5
DA:20,5
DA:22,5
DA:24,5
LF:10
LH:10
BRF:0
BRH:0
end_of_record
TN:
SF:routes/api/skillRoutes.js
FNF:0
FNH:0
DA:1,5
DA:9,5
DA:11,5
DA:13,5
DA:16,5
DA:18,5
DA:20,5
DA:22,5
LF:8
LH:8
BRF:0
BRH:0
end_of_record
TN:
SF:routes/api/statisticRoutes.js
FNF:0
FNH:0
DA:1,5
DA:2,5
DA:9,5
DA:11,5
DA:13,5
DA:16,5
DA:18,5
DA:20,5
DA:22,5
LF:9
LH:9
BRF:0
BRH:0
end_of_record
TN:
SF:routes/api/statisticobjectiveRoutes.js
FNF:0
FNH:0
DA:1,5
DA:9,5
DA:10,5
DA:12,5
DA:14,5
DA:16,5
DA:18,5
DA:20,5
DA:22,5
DA:24,5
LF:10
LH:10
BRF:0
BRH:0
end_of_record
TN:
SF:routes/api/subscriptionRoutes.js
FNF:0
FNH:0
DA:1,5
DA:2,5
DA:3,5
DA:5,5
DA:7,5
LF:5
LH:5
BRF:0
BRH:0
end_of_record
TN:
SF:routes/api/trainingGroundRoutes.js
FNF:0
FNH:0
DA:1,5
DA:7,5
DA:9,5
DA:10,5
DA:11,5
DA:12,5
DA:14,5
LF:7
LH:7
BRF:0
BRH:0
end_of_record
TN:
SF:routes/api/usersRoutes.js
FNF:0
FNH:0
DA:1,5
DA:8,5
DA:9,5
DA:11,5
DA:13,5
DA:15,5
DA:17,5
DA:19,5
DA:21,5
LF:9
LH:9
BRF:0
BRH:0
end_of_record
TN:
SF:utils/errorResponse.js
FN:2,(anonymous_0)
FNF:1
FNH:1
FNDA:9,(anonymous_0)
DA:3,9
DA:4,9
DA:7,5
LF:3
LH:3
BRF:0
BRH:0
end_of_record
TN:
SF:utils/sendEmail.js
FN:3,(anonymous_0)
FNF:1
FNH:0
FNDA:0,(anonymous_0)
DA:1,5
DA:3,5
DA:4,0
DA:6,0
DA:16,0
DA:23,0
DA:25,0
DA:28,5
LF:8
LH:3
BRF:0
BRH:0
end_of_record
TN:
SF:utils/serverUtils.js
FN:23,(anonymous_0)
FN:51,(anonymous_1)
FNF:2
FNH:1
FNDA:5,(anonymous_0)
FNDA:0,(anonymous_1)
DA:1,5
DA:2,5
DA:3,5
DA:4,5
DA:5,5
DA:6,5
DA:7,5
DA:8,5
DA:9,5
DA:10,5
DA:11,5
DA:12,5
DA:13,5
DA:14,5
DA:15,5
DA:16,5
DA:17,5
DA:19,5
DA:20,5
DA:21,5
DA:23,5
DA:24,5
DA:25,5
DA:26,5
DA:27,5
DA:29,5
DA:49,5
DA:51,5
DA:52,0
DA:56,5
DA:58,5
LF:31
LH:30
BRF:0
BRH:0
end_of_record
